<?xml version="1.0" encoding="UTF-8"?>
<!-- Generated by org.testng.reporters.JUnitReportReporter -->
<testsuite hostname="sh401030200058" name="com.bill99.ta.infs.fpd.test.interfaces.AccountContractTest" tests="19" failures="0" timestamp="25 Jul 2014 09:03:31 GMT" time="4.535" errors="0">
  <testcase name="accountContractSign" time="0.518" classname="com.bill99.ta.infs.fpd.test.interfaces.AccountContractTest"/>
  <testcase name="accountContractSign" time="0.544" classname="com.bill99.ta.infs.fpd.test.interfaces.AccountContractTest"/>
  <testcase name="accountContractSign" time="0.044" classname="com.bill99.ta.infs.fpd.test.interfaces.AccountContractTest"/>
  <testcase name="accountContractSign" time="0.235" classname="com.bill99.ta.infs.fpd.test.interfaces.AccountContractTest"/>
  <testcase name="accountContractSign" time="0.038" classname="com.bill99.ta.infs.fpd.test.interfaces.AccountContractTest"/>
  <testcase name="accountContractSign" time="0.066" classname="com.bill99.ta.infs.fpd.test.interfaces.AccountContractTest"/>
  <testcase name="accountContractSign" time="0.066" classname="com.bill99.ta.infs.fpd.test.interfaces.AccountContractTest"/>
  <testcase name="accountContractSign" time="2.285" classname="com.bill99.ta.infs.fpd.test.interfaces.AccountContractTest"/>
  <testcase name="accountContractSign" time="0.063" classname="com.bill99.ta.infs.fpd.test.interfaces.AccountContractTest"/>
  <testcase name="accountContractSign" time="0.046" classname="com.bill99.ta.infs.fpd.test.interfaces.AccountContractTest"/>
  <testcase name="accountContractSign" time="0.046" classname="com.bill99.ta.infs.fpd.test.interfaces.AccountContractTest"/>
  <testcase name="accountContractSign" time="0.024" classname="com.bill99.ta.infs.fpd.test.interfaces.AccountContractTest"/>
  <testcase name="accountContractSign" time="0.032" classname="com.bill99.ta.infs.fpd.test.interfaces.AccountContractTest"/>
  <testcase name="accountContractSign" time="0.046" classname="com.bill99.ta.infs.fpd.test.interfaces.AccountContractTest"/>
  <testcase name="accountContractSign" time="0.076" classname="com.bill99.ta.infs.fpd.test.interfaces.AccountContractTest"/>
  <testcase name="accountContractSign" time="0.030" classname="com.bill99.ta.infs.fpd.test.interfaces.AccountContractTest"/>
  <testcase name="accountContractSign" time="0.029" classname="com.bill99.ta.infs.fpd.test.interfaces.AccountContractTest"/>
  <testcase name="accountContractSign" time="0.032" classname="com.bill99.ta.infs.fpd.test.interfaces.AccountContractTest"/>
  <testcase name="accountContractSign" time="0.315" classname="com.bill99.ta.infs.fpd.test.interfaces.AccountContractTest"/>
</testsuite> <!-- com.bill99.ta.infs.fpd.test.interfaces.AccountContractTest -->
