<?xml version="1.0" encoding="UTF-8"?>
<!-- Generated by org.testng.reporters.JUnitReportReporter -->
<testsuite hostname="ALLen-PC" name="com.bill99.ta.infs.fpd.test.selftest.SelfTestXlh" tests="1" failures="0" timestamp="22 Sep 2016 06:18:17 GMT" time="0.006" errors="0">
  <testcase name="fun" time="0.006" classname="com.bill99.ta.infs.fpd.test.selftest.SelfTestXlh"/>
</testsuite> <!-- com.bill99.ta.infs.fpd.test.selftest.SelfTestXlh -->
