<?xml version="1.0" encoding="UTF-8"?>
<!-- Generated by org.testng.reporters.JUnitReportReporter -->
<testsuite hostname="ALLen-PC" name="com.bill99.ta.infs.fpd.test.app.AppSelfTest" tests="1" failures="0" timestamp="26 Sep 2016 07:53:34 GMT" time="5.570" errors="0">
  <testcase name="addContact" time="5.570" classname="com.bill99.ta.infs.fpd.test.app.AppSelfTest"/>
</testsuite> <!-- com.bill99.ta.infs.fpd.test.app.AppSelfTest -->
